<?xml version="1.0" encoding="UTF-8"?>
<testng-results ignored="0" total="4" passed="4" failed="0" skipped="0">
  <reporter-output>
  </reporter-output>
  <suite started-at="2025-06-30T21:26:42 IST" name="Suite" finished-at="2025-06-30T21:26:55 IST" duration-ms="12872">
    <groups>
    </groups>
    <test started-at="2025-06-30T21:26:42 IST" name="Test" finished-at="2025-06-30T21:26:55 IST" duration-ms="12872">
      <class name="test2.com.TestATclass">
        <test-method is-config="true" signature="startBrowser()[pri:0, instance:test2.com.TestATclass@2beee7ff]" started-at="2025-06-30T21:26:42 IST" name="startBrowser" finished-at="2025-06-30T21:26:46 IST" duration-ms="4490" status="PASS">
          <reporter-output>
          </reporter-output>
        </test-method> <!-- startBrowser -->
        <test-method signature="verifyLogin(java.lang.String,java.lang.String,boolean)[pri:0, instance:test2.com.TestATclass@2beee7ff]" started-at="2025-06-30T21:26:46 IST" name="verifyLogin" data-provider="loginData" finished-at="2025-06-30T21:26:51 IST" duration-ms="4746" status="PASS">
          <params>
            <param index="0">
              <value>
                <![CDATA[student]]>
              </value>
            </param>
            <param index="1">
              <value>
                <![CDATA[Password123]]>
              </value>
            </param>
            <param index="2">
              <value>
                <![CDATA[true]]>
              </value>
            </param>
          </params>
          <reporter-output>
          </reporter-output>
        </test-method> <!-- verifyLogin -->
        <test-method signature="verifyLogin(java.lang.String,java.lang.String,boolean)[pri:0, instance:test2.com.TestATclass@2beee7ff]" started-at="2025-06-30T21:26:51 IST" name="verifyLogin" data-provider="loginData" finished-at="2025-06-30T21:26:52 IST" duration-ms="1114" status="PASS">
          <params>
            <param index="0">
              <value>
                <![CDATA[student]]>
              </value>
            </param>
            <param index="1">
              <value>
                <![CDATA[wrongpass]]>
              </value>
            </param>
            <param index="2">
              <value>
                <![CDATA[false]]>
              </value>
            </param>
          </params>
          <reporter-output>
          </reporter-output>
        </test-method> <!-- verifyLogin -->
        <test-method signature="verifyLogin(java.lang.String,java.lang.String,boolean)[pri:0, instance:test2.com.TestATclass@2beee7ff]" started-at="2025-06-30T21:26:52 IST" name="verifyLogin" data-provider="loginData" finished-at="2025-06-30T21:26:53 IST" duration-ms="1048" status="PASS">
          <params>
            <param index="0">
              <value>
                <![CDATA[wronguser]]>
              </value>
            </param>
            <param index="1">
              <value>
                <![CDATA[Password123]]>
              </value>
            </param>
            <param index="2">
              <value>
                <![CDATA[false]]>
              </value>
            </param>
          </params>
          <reporter-output>
          </reporter-output>
        </test-method> <!-- verifyLogin -->
        <test-method signature="verifyLogin(java.lang.String,java.lang.String,boolean)[pri:0, instance:test2.com.TestATclass@2beee7ff]" started-at="2025-06-30T21:26:53 IST" name="verifyLogin" data-provider="loginData" finished-at="2025-06-30T21:26:54 IST" duration-ms="998" status="PASS">
          <params>
            <param index="0">
              <value>
                <![CDATA[]]>
              </value>
            </param>
            <param index="1">
              <value>
                <![CDATA[]]>
              </value>
            </param>
            <param index="2">
              <value>
                <![CDATA[false]]>
              </value>
            </param>
          </params>
          <reporter-output>
          </reporter-output>
        </test-method> <!-- verifyLogin -->
        <test-method is-config="true" signature="closeBrowser()[pri:0, instance:test2.com.TestATclass@2beee7ff]" started-at="2025-06-30T21:26:54 IST" name="closeBrowser" finished-at="2025-06-30T21:26:55 IST" duration-ms="341" status="PASS">
          <reporter-output>
          </reporter-output>
        </test-method> <!-- closeBrowser -->
      </class> <!-- test2.com.TestATclass -->
    </test> <!-- Test -->
  </suite> <!-- Suite -->
</testng-results>
