<?xml version="1.0" encoding="UTF-8"?>
<!-- Generated by org.testng.reporters.JUnitXMLReporter -->
<testsuite ignored="0" hostname="DESKTOP-9RLCIRO" failures="0" tests="4" name="Test" time="12.872" errors="0" timestamp="2025-06-30T21:26:55 IST">
  <testcase classname="test2.com.TestATclass" name="verifyLogin" time="4.746"/>
  <testcase classname="test2.com.TestATclass" name="verifyLogin" time="1.114"/>
  <testcase classname="test2.com.TestATclass" name="verifyLogin" time="1.048"/>
  <testcase classname="test2.com.TestATclass" name="verifyLogin" time="0.998"/>
</testsuite> <!-- Test -->
