<?xml version="1.0" encoding="UTF-8"?>
<!-- Generated by org.testng.reporters.JUnitXMLReporter -->
<testsuite ignored="0" hostname="DESKTOP-9RLCIRO" failures="0" tests="4" name="Test" time="9.154" errors="0" timestamp="2025-06-30T17:38:37 IST">
  <testcase classname="test2.com.TestATclass" name="verifyLogin" time="4.247"/>
  <testcase classname="test2.com.TestATclass" name="verifyLogin" time="0.872"/>
  <testcase classname="test2.com.TestATclass" name="verifyLogin" time="0.812"/>
  <testcase classname="test2.com.TestATclass" name="verifyLogin" time="0.811"/>
</testsuite> <!-- Test -->
