<?xml version="1.0" encoding="UTF-8"?>
<testng-results ignored="0" total="4" passed="4" failed="0" skipped="0">
  <reporter-output>
  </reporter-output>
  <suite started-at="2025-06-30T17:38:28 IST" name="Suite" finished-at="2025-06-30T17:38:37 IST" duration-ms="9154">
    <groups>
    </groups>
    <test started-at="2025-06-30T17:38:28 IST" name="Test" finished-at="2025-06-30T17:38:37 IST" duration-ms="9154">
      <class name="test2.com.TestATclass">
        <test-method is-config="true" signature="startBrowser()[pri:0, instance:test2.com.TestATclass@776aec5c]" started-at="2025-06-30T17:38:28 IST" name="startBrowser" finished-at="2025-06-30T17:38:30 IST" duration-ms="2028" status="PASS">
          <reporter-output>
          </reporter-output>
        </test-method> <!-- startBrowser -->
        <test-method signature="verifyLogin(java.lang.String,java.lang.String,boolean)[pri:0, instance:test2.com.TestATclass@776aec5c]" started-at="2025-06-30T17:38:30 IST" name="verifyLogin" data-provider="loginData" finished-at="2025-06-30T17:38:34 IST" duration-ms="4247" status="PASS">
          <params>
            <param index="0">
              <value>
                <![CDATA[student]]>
              </value>
            </param>
            <param index="1">
              <value>
                <![CDATA[Password123]]>
              </value>
            </param>
            <param index="2">
              <value>
                <![CDATA[true]]>
              </value>
            </param>
          </params>
          <reporter-output>
          </reporter-output>
        </test-method> <!-- verifyLogin -->
        <test-method signature="verifyLogin(java.lang.String,java.lang.String,boolean)[pri:0, instance:test2.com.TestATclass@776aec5c]" started-at="2025-06-30T17:38:34 IST" name="verifyLogin" data-provider="loginData" finished-at="2025-06-30T17:38:35 IST" duration-ms="872" status="PASS">
          <params>
            <param index="0">
              <value>
                <![CDATA[student]]>
              </value>
            </param>
            <param index="1">
              <value>
                <![CDATA[wrongpass]]>
              </value>
            </param>
            <param index="2">
              <value>
                <![CDATA[false]]>
              </value>
            </param>
          </params>
          <reporter-output>
          </reporter-output>
        </test-method> <!-- verifyLogin -->
        <test-method signature="verifyLogin(java.lang.String,java.lang.String,boolean)[pri:0, instance:test2.com.TestATclass@776aec5c]" started-at="2025-06-30T17:38:35 IST" name="verifyLogin" data-provider="loginData" finished-at="2025-06-30T17:38:36 IST" duration-ms="812" status="PASS">
          <params>
            <param index="0">
              <value>
                <![CDATA[wronguser]]>
              </value>
            </param>
            <param index="1">
              <value>
                <![CDATA[Password123]]>
              </value>
            </param>
            <param index="2">
              <value>
                <![CDATA[false]]>
              </value>
            </param>
          </params>
          <reporter-output>
          </reporter-output>
        </test-method> <!-- verifyLogin -->
        <test-method signature="verifyLogin(java.lang.String,java.lang.String,boolean)[pri:0, instance:test2.com.TestATclass@776aec5c]" started-at="2025-06-30T17:38:36 IST" name="verifyLogin" data-provider="loginData" finished-at="2025-06-30T17:38:37 IST" duration-ms="811" status="PASS">
          <params>
            <param index="0">
              <value>
                <![CDATA[]]>
              </value>
            </param>
            <param index="1">
              <value>
                <![CDATA[]]>
              </value>
            </param>
            <param index="2">
              <value>
                <![CDATA[false]]>
              </value>
            </param>
          </params>
          <reporter-output>
          </reporter-output>
        </test-method> <!-- verifyLogin -->
        <test-method is-config="true" signature="closeBrowser()[pri:0, instance:test2.com.TestATclass@776aec5c]" started-at="2025-06-30T17:38:37 IST" name="closeBrowser" finished-at="2025-06-30T17:38:37 IST" duration-ms="292" status="PASS">
          <reporter-output>
          </reporter-output>
        </test-method> <!-- closeBrowser -->
      </class> <!-- test2.com.TestATclass -->
    </test> <!-- Test -->
  </suite> <!-- Suite -->
</testng-results>
